{"/home/gordon/Workspace/diagram-backend/app.js": {"path":"/home/gordon/Workspace/diagram-backend/app.js","statementMap":{"0":{"start":{"line":1,"column":16},"end":{"line":1,"column":34}},"1":{"start":{"line":2,"column":19},"end":{"line":2,"column":41}},"2":{"start":{"line":3,"column":17},"end":{"line":3,"column":36}},"3":{"start":{"line":5,"column":15},"end":{"line":5,"column":44}},"4":{"start":{"line":6,"column":19},"end":{"line":6,"column":52}},"5":{"start":{"line":7,"column":18},"end":{"line":7,"column":44}},"6":{"start":{"line":9,"column":12},"end":{"line":9,"column":27}},"7":{"start":{"line":11,"column":12},"end":{"line":11,"column":21}},"8":{"start":{"line":13,"column":0},"end":{"line":13,"column":51}},"9":{"start":{"line":14,"column":0},"end":{"line":14,"column":27}},"10":{"start":{"line":16,"column":0},"end":{"line":16,"column":21}},"11":{"start":{"line":18,"column":0},"end":{"line":20,"column":1}},"12":{"start":{"line":19,"column":1},"end":{"line":19,"column":30}},"13":{"start":{"line":22,"column":0},"end":{"line":22,"column":56}},"14":{"start":{"line":23,"column":0},"end":{"line":23,"column":37}},"15":{"start":{"line":25,"column":0},"end":{"line":25,"column":21}}},"fnMap":{},"branchMap":{"0":{"loc":{"start":{"line":18,"column":0},"end":{"line":20,"column":1}},"type":"if","locations":[{"start":{"line":18,"column":0},"end":{"line":20,"column":1}},{"start":{"line":18,"column":0},"end":{"line":20,"column":1}}],"line":18}},"s":{"0":1,"1":1,"2":1,"3":1,"4":1,"5":1,"6":1,"7":1,"8":1,"9":1,"10":1,"11":1,"12":1,"13":1,"14":1,"15":1},"f":{},"b":{"0":[1,0]},"_coverageSchema":"332fd63041d2c1bcb487cc26dd0d5f7d97098a6c","hash":"f5e1310fdda87ce10b2e238d1dc17e3837fbf146"}
,"/home/gordon/Workspace/diagram-backend/config/env.js": {"path":"/home/gordon/Workspace/diagram-backend/config/env.js","statementMap":{"0":{"start":{"line":4,"column":18},"end":{"line":4,"column":29}},"1":{"start":{"line":5,"column":4},"end":{"line":5,"column":13}},"2":{"start":{"line":7,"column":4},"end":{"line":7,"column":26}},"3":{"start":{"line":8,"column":4},"end":{"line":10,"column":5}},"4":{"start":{"line":9,"column":8},"end":{"line":9,"column":32}},"5":{"start":{"line":12,"column":4},"end":{"line":15,"column":15}},"6":{"start":{"line":17,"column":4},"end":{"line":17,"column":32}},"7":{"start":{"line":18,"column":4},"end":{"line":18,"column":40}},"8":{"start":{"line":20,"column":4},"end":{"line":20,"column":15}},"9":{"start":{"line":24,"column":4},"end":{"line":24,"column":25}},"10":{"start":{"line":24,"column":16},"end":{"line":24,"column":23}},"11":{"start":{"line":25,"column":4},"end":{"line":25,"column":15}},"12":{"start":{"line":28,"column":0},"end":{"line":30,"column":2}}},"fnMap":{"0":{"name":"init","decl":{"start":{"line":3,"column":9},"end":{"line":3,"column":13}},"loc":{"start":{"line":3,"column":16},"end":{"line":21,"column":1}},"line":3},"1":{"name":"get","decl":{"start":{"line":23,"column":9},"end":{"line":23,"column":12}},"loc":{"start":{"line":23,"column":15},"end":{"line":26,"column":1}},"line":23}},"branchMap":{"0":{"loc":{"start":{"line":8,"column":4},"end":{"line":10,"column":5}},"type":"if","locations":[{"start":{"line":8,"column":4},"end":{"line":10,"column":5}},{"start":{"line":8,"column":4},"end":{"line":10,"column":5}}],"line":8},"1":{"loc":{"start":{"line":24,"column":4},"end":{"line":24,"column":25}},"type":"if","locations":[{"start":{"line":24,"column":4},"end":{"line":24,"column":25}},{"start":{"line":24,"column":4},"end":{"line":24,"column":25}}],"line":24}},"s":{"0":1,"1":1,"2":1,"3":1,"4":1,"5":1,"6":1,"7":1,"8":1,"9":3,"10":1,"11":3,"12":1},"f":{"0":1,"1":3},"b":{"0":[1,0],"1":[1,2]},"_coverageSchema":"332fd63041d2c1bcb487cc26dd0d5f7d97098a6c","hash":"403d00943bfa3656a2e9421cf1d4ec87b02fc3f9"}
,"/home/gordon/Workspace/diagram-backend/config/errorTypes.js": {"path":"/home/gordon/Workspace/diagram-backend/config/errorTypes.js","statementMap":{"0":{"start":{"line":1,"column":15},"end":{"line":19,"column":1}},"1":{"start":{"line":21,"column":0},"end":{"line":21,"column":24}}},"fnMap":{},"branchMap":{},"s":{"0":1,"1":1},"f":{},"b":{},"_coverageSchema":"332fd63041d2c1bcb487cc26dd0d5f7d97098a6c","hash":"0f1ded10734618cee18781f6aa427ab1ab742b4b"}
,"/home/gordon/Workspace/diagram-backend/config/routes.js": {"path":"/home/gordon/Workspace/diagram-backend/config/routes.js","statementMap":{"0":{"start":{"line":1,"column":16},"end":{"line":1,"column":34}},"1":{"start":{"line":2,"column":15},"end":{"line":2,"column":31}},"2":{"start":{"line":3,"column":17},"end":{"line":3,"column":36}},"3":{"start":{"line":4,"column":13},"end":{"line":4,"column":41}},"4":{"start":{"line":5,"column":19},"end":{"line":5,"column":53}},"5":{"start":{"line":7,"column":13},"end":{"line":7,"column":43}},"6":{"start":{"line":8,"column":13},"end":{"line":8,"column":43}},"7":{"start":{"line":9,"column":16},"end":{"line":9,"column":49}},"8":{"start":{"line":11,"column":18},"end":{"line":11,"column":57}},"9":{"start":{"line":12,"column":12},"end":{"line":12,"column":44}},"10":{"start":{"line":15,"column":0},"end":{"line":15,"column":57}},"11":{"start":{"line":16,"column":0},"end":{"line":16,"column":63}},"12":{"start":{"line":17,"column":0},"end":{"line":17,"column":54}},"13":{"start":{"line":20,"column":0},"end":{"line":20,"column":54}},"14":{"start":{"line":21,"column":0},"end":{"line":21,"column":68}},"15":{"start":{"line":22,"column":0},"end":{"line":22,"column":52}},"16":{"start":{"line":23,"column":0},"end":{"line":23,"column":97}},"17":{"start":{"line":26,"column":0},"end":{"line":26,"column":72}},"18":{"start":{"line":27,"column":0},"end":{"line":27,"column":63}},"19":{"start":{"line":29,"column":0},"end":{"line":29,"column":24}}},"fnMap":{},"branchMap":{},"s":{"0":1,"1":1,"2":1,"3":1,"4":1,"5":1,"6":1,"7":1,"8":1,"9":1,"10":1,"11":1,"12":1,"13":1,"14":1,"15":1,"16":1,"17":1,"18":1,"19":1},"f":{},"b":{},"_coverageSchema":"332fd63041d2c1bcb487cc26dd0d5f7d97098a6c","hash":"15a58606507dafbae0ea22f251dfb58885376cdd"}
,"/home/gordon/Workspace/diagram-backend/config/testRoutes.js": {"path":"/home/gordon/Workspace/diagram-backend/config/testRoutes.js","statementMap":{"0":{"start":{"line":1,"column":16},"end":{"line":1,"column":34}},"1":{"start":{"line":2,"column":14},"end":{"line":2,"column":59}},"2":{"start":{"line":3,"column":15},"end":{"line":3,"column":31}},"3":{"start":{"line":4,"column":17},"end":{"line":4,"column":36}},"4":{"start":{"line":6,"column":13},"end":{"line":6,"column":41}},"5":{"start":{"line":7,"column":19},"end":{"line":7,"column":53}},"6":{"start":{"line":9,"column":0},"end":{"line":23,"column":3}},"7":{"start":{"line":10,"column":21},"end":{"line":13,"column":5}},"8":{"start":{"line":14,"column":4},"end":{"line":14,"column":55}},"9":{"start":{"line":16,"column":4},"end":{"line":22,"column":11}},"10":{"start":{"line":18,"column":12},"end":{"line":18,"column":41}},"11":{"start":{"line":21,"column":12},"end":{"line":21,"column":53}},"12":{"start":{"line":25,"column":0},"end":{"line":45,"column":3}},"13":{"start":{"line":26,"column":15},"end":{"line":26,"column":33}},"14":{"start":{"line":27,"column":4},"end":{"line":27,"column":45}},"15":{"start":{"line":29,"column":4},"end":{"line":44,"column":11}},"16":{"start":{"line":32,"column":12},"end":{"line":40,"column":13}},"17":{"start":{"line":33,"column":16},"end":{"line":36,"column":19}},"18":{"start":{"line":39,"column":16},"end":{"line":39,"column":57}},"19":{"start":{"line":43,"column":12},"end":{"line":43,"column":38}},"20":{"start":{"line":47,"column":0},"end":{"line":47,"column":24}}},"fnMap":{"0":{"name":"(anonymous_0)","decl":{"start":{"line":9,"column":22},"end":{"line":9,"column":23}},"loc":{"start":{"line":9,"column":36},"end":{"line":23,"column":1}},"line":9},"1":{"name":"(anonymous_1)","decl":{"start":{"line":17,"column":14},"end":{"line":17,"column":15}},"loc":{"start":{"line":17,"column":26},"end":{"line":19,"column":9}},"line":17},"2":{"name":"(anonymous_2)","decl":{"start":{"line":20,"column":15},"end":{"line":20,"column":16}},"loc":{"start":{"line":20,"column":24},"end":{"line":22,"column":9}},"line":20},"3":{"name":"(anonymous_3)","decl":{"start":{"line":25,"column":24},"end":{"line":25,"column":25}},"loc":{"start":{"line":25,"column":38},"end":{"line":45,"column":1}},"line":25},"4":{"name":"(anonymous_4)","decl":{"start":{"line":31,"column":14},"end":{"line":31,"column":15}},"loc":{"start":{"line":31,"column":26},"end":{"line":41,"column":9}},"line":31},"5":{"name":"(anonymous_5)","decl":{"start":{"line":42,"column":15},"end":{"line":42,"column":16}},"loc":{"start":{"line":42,"column":24},"end":{"line":44,"column":9}},"line":42}},"branchMap":{"0":{"loc":{"start":{"line":32,"column":12},"end":{"line":40,"column":13}},"type":"if","locations":[{"start":{"line":32,"column":12},"end":{"line":40,"column":13}},{"start":{"line":32,"column":12},"end":{"line":40,"column":13}}],"line":32}},"s":{"0":1,"1":1,"2":1,"3":1,"4":1,"5":1,"6":1,"7":0,"8":0,"9":0,"10":0,"11":0,"12":1,"13":0,"14":0,"15":0,"16":0,"17":0,"18":0,"19":0,"20":1},"f":{"0":0,"1":0,"2":0,"3":0,"4":0,"5":0},"b":{"0":[0,0]},"_coverageSchema":"332fd63041d2c1bcb487cc26dd0d5f7d97098a6c","hash":"b6f38bbc648008d801c7e198b85e2d0ad48fbec9"}
,"/home/gordon/Workspace/diagram-backend/managers/post.js": {"path":"/home/gordon/Workspace/diagram-backend/managers/post.js","statementMap":{"0":{"start":{"line":1,"column":14},"end":{"line":1,"column":54}},"1":{"start":{"line":2,"column":13},"end":{"line":2,"column":41}},"2":{"start":{"line":3,"column":13},"end":{"line":3,"column":41}},"3":{"start":{"line":4,"column":19},"end":{"line":4,"column":50}},"4":{"start":{"line":7,"column":4},"end":{"line":7,"column":24}},"5":{"start":{"line":9,"column":4},"end":{"line":38,"column":11}},"6":{"start":{"line":17,"column":12},"end":{"line":17,"column":78}},"7":{"start":{"line":19,"column":12},"end":{"line":32,"column":19}},"8":{"start":{"line":22,"column":20},"end":{"line":22,"column":71}},"9":{"start":{"line":23,"column":20},"end":{"line":23,"column":66}},"10":{"start":{"line":26,"column":20},"end":{"line":26,"column":45}},"11":{"start":{"line":29,"column":20},"end":{"line":29,"column":71}},"12":{"start":{"line":31,"column":20},"end":{"line":31,"column":89}},"13":{"start":{"line":35,"column":12},"end":{"line":35,"column":63}},"14":{"start":{"line":37,"column":12},"end":{"line":37,"column":50}},"15":{"start":{"line":47,"column":4},"end":{"line":47,"column":27}},"16":{"start":{"line":49,"column":4},"end":{"line":58,"column":11}},"17":{"start":{"line":52,"column":12},"end":{"line":52,"column":28}},"18":{"start":{"line":55,"column":12},"end":{"line":55,"column":66}},"19":{"start":{"line":57,"column":12},"end":{"line":57,"column":81}},"20":{"start":{"line":67,"column":4},"end":{"line":67,"column":32}},"21":{"start":{"line":69,"column":16},"end":{"line":69,"column":52}},"22":{"start":{"line":71,"column":4},"end":{"line":80,"column":15}},"23":{"start":{"line":74,"column":16},"end":{"line":74,"column":32}},"24":{"start":{"line":77,"column":16},"end":{"line":77,"column":75}},"25":{"start":{"line":79,"column":16},"end":{"line":79,"column":85}},"26":{"start":{"line":90,"column":4},"end":{"line":90,"column":27}},"27":{"start":{"line":92,"column":18},"end":{"line":97,"column":5}},"28":{"start":{"line":99,"column":4},"end":{"line":111,"column":11}},"29":{"start":{"line":102,"column":12},"end":{"line":104,"column":13}},"30":{"start":{"line":103,"column":16},"end":{"line":103,"column":69}},"31":{"start":{"line":105,"column":12},"end":{"line":105,"column":27}},"32":{"start":{"line":108,"column":12},"end":{"line":108,"column":66}},"33":{"start":{"line":110,"column":12},"end":{"line":110,"column":81}},"34":{"start":{"line":114,"column":0},"end":{"line":119,"column":2}}},"fnMap":{"0":{"name":"makePost","decl":{"start":{"line":6,"column":9},"end":{"line":6,"column":17}},"loc":{"start":{"line":6,"column":34},"end":{"line":39,"column":1}},"line":6},"1":{"name":"(anonymous_1)","decl":{"start":{"line":16,"column":14},"end":{"line":16,"column":15}},"loc":{"start":{"line":16,"column":29},"end":{"line":33,"column":9}},"line":16},"2":{"name":"(anonymous_2)","decl":{"start":{"line":21,"column":22},"end":{"line":21,"column":23}},"loc":{"start":{"line":21,"column":38},"end":{"line":24,"column":17}},"line":21},"3":{"name":"(anonymous_3)","decl":{"start":{"line":25,"column":22},"end":{"line":25,"column":23}},"loc":{"start":{"line":25,"column":30},"end":{"line":27,"column":17}},"line":25},"4":{"name":"(anonymous_4)","decl":{"start":{"line":28,"column":23},"end":{"line":28,"column":24}},"loc":{"start":{"line":28,"column":32},"end":{"line":32,"column":17}},"line":28},"5":{"name":"(anonymous_5)","decl":{"start":{"line":34,"column":15},"end":{"line":34,"column":16}},"loc":{"start":{"line":34,"column":24},"end":{"line":38,"column":9}},"line":34},"6":{"name":"getPostFeed","decl":{"start":{"line":46,"column":9},"end":{"line":46,"column":20}},"loc":{"start":{"line":46,"column":31},"end":{"line":59,"column":1}},"line":46},"7":{"name":"(anonymous_7)","decl":{"start":{"line":51,"column":14},"end":{"line":51,"column":15}},"loc":{"start":{"line":51,"column":25},"end":{"line":53,"column":9}},"line":51},"8":{"name":"(anonymous_8)","decl":{"start":{"line":54,"column":15},"end":{"line":54,"column":16}},"loc":{"start":{"line":54,"column":24},"end":{"line":58,"column":9}},"line":54},"9":{"name":"getFollowedPosts","decl":{"start":{"line":66,"column":9},"end":{"line":66,"column":25}},"loc":{"start":{"line":66,"column":36},"end":{"line":81,"column":1}},"line":66},"10":{"name":"(anonymous_10)","decl":{"start":{"line":73,"column":18},"end":{"line":73,"column":19}},"loc":{"start":{"line":73,"column":29},"end":{"line":75,"column":13}},"line":73},"11":{"name":"(anonymous_11)","decl":{"start":{"line":76,"column":19},"end":{"line":76,"column":20}},"loc":{"start":{"line":76,"column":28},"end":{"line":80,"column":13}},"line":76},"12":{"name":"makeComment","decl":{"start":{"line":89,"column":9},"end":{"line":89,"column":20}},"loc":{"start":{"line":89,"column":31},"end":{"line":112,"column":1}},"line":89},"13":{"name":"(anonymous_13)","decl":{"start":{"line":101,"column":14},"end":{"line":101,"column":15}},"loc":{"start":{"line":101,"column":24},"end":{"line":106,"column":9}},"line":101},"14":{"name":"(anonymous_14)","decl":{"start":{"line":107,"column":15},"end":{"line":107,"column":16}},"loc":{"start":{"line":107,"column":24},"end":{"line":111,"column":9}},"line":107}},"branchMap":{"0":{"loc":{"start":{"line":102,"column":12},"end":{"line":104,"column":13}},"type":"if","locations":[{"start":{"line":102,"column":12},"end":{"line":104,"column":13}},{"start":{"line":102,"column":12},"end":{"line":104,"column":13}}],"line":102}},"s":{"0":1,"1":1,"2":1,"3":1,"4":0,"5":0,"6":0,"7":0,"8":0,"9":0,"10":0,"11":0,"12":0,"13":0,"14":0,"15":0,"16":0,"17":0,"18":0,"19":0,"20":0,"21":0,"22":0,"23":0,"24":0,"25":0,"26":0,"27":0,"28":0,"29":0,"30":0,"31":0,"32":0,"33":0,"34":1},"f":{"0":0,"1":0,"2":0,"3":0,"4":0,"5":0,"6":0,"7":0,"8":0,"9":0,"10":0,"11":0,"12":0,"13":0,"14":0},"b":{"0":[0,0]},"_coverageSchema":"332fd63041d2c1bcb487cc26dd0d5f7d97098a6c","hash":"a3de5ec9a0560ea050264d672c562da75f7bf1ac"}
,"/home/gordon/Workspace/diagram-backend/managers/session.js": {"path":"/home/gordon/Workspace/diagram-backend/managers/session.js","statementMap":{"0":{"start":{"line":1,"column":14},"end":{"line":1,"column":57}},"1":{"start":{"line":2,"column":12},"end":{"line":2,"column":35}},"2":{"start":{"line":3,"column":13},"end":{"line":3,"column":41}},"3":{"start":{"line":4,"column":12},"end":{"line":4,"column":45}},"4":{"start":{"line":5,"column":19},"end":{"line":5,"column":50}},"5":{"start":{"line":11,"column":4},"end":{"line":11,"column":21}},"6":{"start":{"line":13,"column":15},"end":{"line":16,"column":5}},"7":{"start":{"line":18,"column":4},"end":{"line":43,"column":7}},"8":{"start":{"line":20,"column":8},"end":{"line":38,"column":9}},"9":{"start":{"line":21,"column":12},"end":{"line":35,"column":14}},"10":{"start":{"line":30,"column":20},"end":{"line":33,"column":23}},"11":{"start":{"line":37,"column":12},"end":{"line":37,"column":72}},"12":{"start":{"line":41,"column":8},"end":{"line":41,"column":48}},"13":{"start":{"line":42,"column":8},"end":{"line":42,"column":34}},"14":{"start":{"line":46,"column":0},"end":{"line":48,"column":2}}},"fnMap":{"0":{"name":"login","decl":{"start":{"line":10,"column":9},"end":{"line":10,"column":14}},"loc":{"start":{"line":10,"column":25},"end":{"line":44,"column":1}},"line":10},"1":{"name":"(anonymous_1)","decl":{"start":{"line":19,"column":10},"end":{"line":19,"column":11}},"loc":{"start":{"line":19,"column":22},"end":{"line":39,"column":5}},"line":19},"2":{"name":"(anonymous_2)","decl":{"start":{"line":29,"column":16},"end":{"line":29,"column":17}},"loc":{"start":{"line":29,"column":32},"end":{"line":34,"column":17}},"line":29},"3":{"name":"(anonymous_3)","decl":{"start":{"line":40,"column":11},"end":{"line":40,"column":12}},"loc":{"start":{"line":40,"column":20},"end":{"line":43,"column":5}},"line":40}},"branchMap":{"0":{"loc":{"start":{"line":20,"column":8},"end":{"line":38,"column":9}},"type":"if","locations":[{"start":{"line":20,"column":8},"end":{"line":38,"column":9}},{"start":{"line":20,"column":8},"end":{"line":38,"column":9}}],"line":20}},"s":{"0":1,"1":1,"2":1,"3":1,"4":1,"5":3,"6":3,"7":3,"8":3,"9":1,"10":1,"11":2,"12":0,"13":0,"14":1},"f":{"0":3,"1":3,"2":1,"3":0},"b":{"0":[1,2]},"_coverageSchema":"332fd63041d2c1bcb487cc26dd0d5f7d97098a6c","hash":"20abcfcdb0dedce20ddc8b09680bf715b43e0b55"}
,"/home/gordon/Workspace/diagram-backend/managers/user.js": {"path":"/home/gordon/Workspace/diagram-backend/managers/user.js","statementMap":{"0":{"start":{"line":1,"column":14},"end":{"line":1,"column":54}},"1":{"start":{"line":2,"column":13},"end":{"line":2,"column":41}},"2":{"start":{"line":3,"column":19},"end":{"line":3,"column":53}},"3":{"start":{"line":4,"column":17},"end":{"line":4,"column":36}},"4":{"start":{"line":5,"column":19},"end":{"line":5,"column":53}},"5":{"start":{"line":8,"column":4},"end":{"line":8,"column":22}},"6":{"start":{"line":10,"column":18},"end":{"line":19,"column":5}},"7":{"start":{"line":21,"column":15},"end":{"line":21,"column":34}},"8":{"start":{"line":23,"column":4},"end":{"line":39,"column":11}},"9":{"start":{"line":26,"column":12},"end":{"line":26,"column":40}},"10":{"start":{"line":27,"column":12},"end":{"line":27,"column":40}},"11":{"start":{"line":30,"column":12},"end":{"line":30,"column":47}},"12":{"start":{"line":33,"column":12},"end":{"line":33,"column":19}},"13":{"start":{"line":36,"column":12},"end":{"line":36,"column":52}},"14":{"start":{"line":38,"column":12},"end":{"line":38,"column":50}},"15":{"start":{"line":43,"column":4},"end":{"line":43,"column":27}},"16":{"start":{"line":44,"column":17},"end":{"line":44,"column":35}},"17":{"start":{"line":45,"column":19},"end":{"line":45,"column":36}},"18":{"start":{"line":47,"column":4},"end":{"line":68,"column":5}},"19":{"start":{"line":48,"column":8},"end":{"line":56,"column":15}},"20":{"start":{"line":50,"column":16},"end":{"line":54,"column":17}},"21":{"start":{"line":51,"column":20},"end":{"line":51,"column":60}},"22":{"start":{"line":53,"column":20},"end":{"line":53,"column":58}},"23":{"start":{"line":55,"column":16},"end":{"line":55,"column":45}},"24":{"start":{"line":57,"column":11},"end":{"line":68,"column":5}},"25":{"start":{"line":58,"column":8},"end":{"line":65,"column":15}},"26":{"start":{"line":60,"column":16},"end":{"line":63,"column":17}},"27":{"start":{"line":61,"column":20},"end":{"line":61,"column":60}},"28":{"start":{"line":62,"column":20},"end":{"line":62,"column":58}},"29":{"start":{"line":64,"column":16},"end":{"line":64,"column":45}},"30":{"start":{"line":67,"column":8},"end":{"line":67,"column":70}},"31":{"start":{"line":72,"column":4},"end":{"line":72,"column":30}},"32":{"start":{"line":74,"column":4},"end":{"line":81,"column":11}},"33":{"start":{"line":76,"column":12},"end":{"line":79,"column":13}},"34":{"start":{"line":77,"column":16},"end":{"line":77,"column":56}},"35":{"start":{"line":78,"column":16},"end":{"line":78,"column":54}},"36":{"start":{"line":80,"column":12},"end":{"line":80,"column":41}},"37":{"start":{"line":85,"column":4},"end":{"line":85,"column":27}},"38":{"start":{"line":87,"column":4},"end":{"line":94,"column":11}},"39":{"start":{"line":89,"column":12},"end":{"line":92,"column":13}},"40":{"start":{"line":90,"column":16},"end":{"line":90,"column":56}},"41":{"start":{"line":91,"column":16},"end":{"line":91,"column":54}},"42":{"start":{"line":93,"column":12},"end":{"line":93,"column":41}},"43":{"start":{"line":97,"column":0},"end":{"line":102,"column":2}}},"fnMap":{"0":{"name":"signup","decl":{"start":{"line":7,"column":9},"end":{"line":7,"column":15}},"loc":{"start":{"line":7,"column":32},"end":{"line":40,"column":1}},"line":7},"1":{"name":"(anonymous_1)","decl":{"start":{"line":25,"column":14},"end":{"line":25,"column":15}},"loc":{"start":{"line":25,"column":28},"end":{"line":28,"column":9}},"line":25},"2":{"name":"(anonymous_2)","decl":{"start":{"line":29,"column":14},"end":{"line":29,"column":15}},"loc":{"start":{"line":29,"column":30},"end":{"line":31,"column":9}},"line":29},"3":{"name":"(anonymous_3)","decl":{"start":{"line":32,"column":14},"end":{"line":32,"column":15}},"loc":{"start":{"line":32,"column":20},"end":{"line":34,"column":9}},"line":32},"4":{"name":"(anonymous_4)","decl":{"start":{"line":35,"column":15},"end":{"line":35,"column":16}},"loc":{"start":{"line":35,"column":24},"end":{"line":39,"column":9}},"line":35},"5":{"name":"viewProfile","decl":{"start":{"line":42,"column":9},"end":{"line":42,"column":20}},"loc":{"start":{"line":42,"column":31},"end":{"line":69,"column":1}},"line":42},"6":{"name":"(anonymous_6)","decl":{"start":{"line":49,"column":44},"end":{"line":49,"column":45}},"loc":{"start":{"line":49,"column":61},"end":{"line":56,"column":13}},"line":49},"7":{"name":"(anonymous_7)","decl":{"start":{"line":59,"column":75},"end":{"line":59,"column":76}},"loc":{"start":{"line":59,"column":92},"end":{"line":65,"column":13}},"line":59},"8":{"name":"viewOwnProfile","decl":{"start":{"line":71,"column":9},"end":{"line":71,"column":23}},"loc":{"start":{"line":71,"column":34},"end":{"line":82,"column":1}},"line":71},"9":{"name":"(anonymous_9)","decl":{"start":{"line":75,"column":32},"end":{"line":75,"column":33}},"loc":{"start":{"line":75,"column":49},"end":{"line":81,"column":9}},"line":75},"10":{"name":"editProfile","decl":{"start":{"line":84,"column":9},"end":{"line":84,"column":20}},"loc":{"start":{"line":84,"column":31},"end":{"line":95,"column":1}},"line":84},"11":{"name":"(anonymous_11)","decl":{"start":{"line":88,"column":64},"end":{"line":88,"column":65}},"loc":{"start":{"line":88,"column":81},"end":{"line":94,"column":9}},"line":88}},"branchMap":{"0":{"loc":{"start":{"line":47,"column":4},"end":{"line":68,"column":5}},"type":"if","locations":[{"start":{"line":47,"column":4},"end":{"line":68,"column":5}},{"start":{"line":47,"column":4},"end":{"line":68,"column":5}}],"line":47},"1":{"loc":{"start":{"line":50,"column":16},"end":{"line":54,"column":17}},"type":"if","locations":[{"start":{"line":50,"column":16},"end":{"line":54,"column":17}},{"start":{"line":50,"column":16},"end":{"line":54,"column":17}}],"line":50},"2":{"loc":{"start":{"line":57,"column":11},"end":{"line":68,"column":5}},"type":"if","locations":[{"start":{"line":57,"column":11},"end":{"line":68,"column":5}},{"start":{"line":57,"column":11},"end":{"line":68,"column":5}}],"line":57},"3":{"loc":{"start":{"line":60,"column":16},"end":{"line":63,"column":17}},"type":"if","locations":[{"start":{"line":60,"column":16},"end":{"line":63,"column":17}},{"start":{"line":60,"column":16},"end":{"line":63,"column":17}}],"line":60},"4":{"loc":{"start":{"line":76,"column":12},"end":{"line":79,"column":13}},"type":"if","locations":[{"start":{"line":76,"column":12},"end":{"line":79,"column":13}},{"start":{"line":76,"column":12},"end":{"line":79,"column":13}}],"line":76},"5":{"loc":{"start":{"line":89,"column":12},"end":{"line":92,"column":13}},"type":"if","locations":[{"start":{"line":89,"column":12},"end":{"line":92,"column":13}},{"start":{"line":89,"column":12},"end":{"line":92,"column":13}}],"line":89}},"s":{"0":1,"1":1,"2":1,"3":1,"4":1,"5":0,"6":0,"7":0,"8":0,"9":0,"10":0,"11":0,"12":0,"13":0,"14":0,"15":0,"16":0,"17":0,"18":0,"19":0,"20":0,"21":0,"22":0,"23":0,"24":0,"25":0,"26":0,"27":0,"28":0,"29":0,"30":0,"31":0,"32":0,"33":0,"34":0,"35":0,"36":0,"37":0,"38":0,"39":0,"40":0,"41":0,"42":0,"43":1},"f":{"0":0,"1":0,"2":0,"3":0,"4":0,"5":0,"6":0,"7":0,"8":0,"9":0,"10":0,"11":0},"b":{"0":[0,0],"1":[0,0],"2":[0,0],"3":[0,0],"4":[0,0],"5":[0,0]},"_coverageSchema":"332fd63041d2c1bcb487cc26dd0d5f7d97098a6c","hash":"705de07d2c7ac2cf724d1c9072685d9371e79c35"}
,"/home/gordon/Workspace/diagram-backend/middlewares/jwt.js": {"path":"/home/gordon/Workspace/diagram-backend/middlewares/jwt.js","statementMap":{"0":{"start":{"line":1,"column":14},"end":{"line":1,"column":56}},"1":{"start":{"line":2,"column":12},"end":{"line":2,"column":35}},"2":{"start":{"line":3,"column":13},"end":{"line":3,"column":41}},"3":{"start":{"line":4,"column":19},"end":{"line":4,"column":50}},"4":{"start":{"line":5,"column":12},"end":{"line":5,"column":45}},"5":{"start":{"line":8,"column":4},"end":{"line":8,"column":25}},"6":{"start":{"line":11,"column":25},"end":{"line":11,"column":53}},"7":{"start":{"line":12,"column":4},"end":{"line":17,"column":5}},"8":{"start":{"line":13,"column":8},"end":{"line":13,"column":41}},"9":{"start":{"line":14,"column":8},"end":{"line":14,"column":32}},"10":{"start":{"line":16,"column":8},"end":{"line":16,"column":68}},"11":{"start":{"line":19,"column":4},"end":{"line":40,"column":7}},"12":{"start":{"line":20,"column":8},"end":{"line":39,"column":9}},"13":{"start":{"line":21,"column":12},"end":{"line":21,"column":63}},"14":{"start":{"line":22,"column":12},"end":{"line":22,"column":72}},"15":{"start":{"line":24,"column":12},"end":{"line":24,"column":69}},"16":{"start":{"line":25,"column":12},"end":{"line":38,"column":19}},"17":{"start":{"line":29,"column":20},"end":{"line":34,"column":21}},"18":{"start":{"line":30,"column":24},"end":{"line":30,"column":84}},"19":{"start":{"line":32,"column":24},"end":{"line":32,"column":40}},"20":{"start":{"line":33,"column":24},"end":{"line":33,"column":31}},"21":{"start":{"line":37,"column":20},"end":{"line":37,"column":89}},"22":{"start":{"line":43,"column":0},"end":{"line":45,"column":2}}},"fnMap":{"0":{"name":"verifyJWT","decl":{"start":{"line":7,"column":9},"end":{"line":7,"column":18}},"loc":{"start":{"line":7,"column":35},"end":{"line":41,"column":1}},"line":7},"1":{"name":"(anonymous_1)","decl":{"start":{"line":19,"column":44},"end":{"line":19,"column":45}},"loc":{"start":{"line":19,"column":62},"end":{"line":40,"column":5}},"line":19},"2":{"name":"(anonymous_2)","decl":{"start":{"line":28,"column":22},"end":{"line":28,"column":23}},"loc":{"start":{"line":28,"column":32},"end":{"line":35,"column":17}},"line":28},"3":{"name":"(anonymous_3)","decl":{"start":{"line":36,"column":23},"end":{"line":36,"column":24}},"loc":{"start":{"line":36,"column":32},"end":{"line":38,"column":17}},"line":36}},"branchMap":{"0":{"loc":{"start":{"line":12,"column":4},"end":{"line":17,"column":5}},"type":"if","locations":[{"start":{"line":12,"column":4},"end":{"line":17,"column":5}},{"start":{"line":12,"column":4},"end":{"line":17,"column":5}}],"line":12},"1":{"loc":{"start":{"line":20,"column":8},"end":{"line":39,"column":9}},"type":"if","locations":[{"start":{"line":20,"column":8},"end":{"line":39,"column":9}},{"start":{"line":20,"column":8},"end":{"line":39,"column":9}}],"line":20},"2":{"loc":{"start":{"line":29,"column":20},"end":{"line":34,"column":21}},"type":"if","locations":[{"start":{"line":29,"column":20},"end":{"line":34,"column":21}},{"start":{"line":29,"column":20},"end":{"line":34,"column":21}}],"line":29}},"s":{"0":1,"1":1,"2":1,"3":1,"4":1,"5":0,"6":0,"7":0,"8":0,"9":0,"10":0,"11":0,"12":0,"13":0,"14":0,"15":0,"16":0,"17":0,"18":0,"19":0,"20":0,"21":0,"22":1},"f":{"0":0,"1":0,"2":0,"3":0},"b":{"0":[0,0],"1":[0,0],"2":[0,0]},"_coverageSchema":"332fd63041d2c1bcb487cc26dd0d5f7d97098a6c","hash":"20aa10eac1b71baca3360a541e0458186a935f7a"}
,"/home/gordon/Workspace/diagram-backend/middlewares/validation.js": {"path":"/home/gordon/Workspace/diagram-backend/middlewares/validation.js","statementMap":{"0":{"start":{"line":1,"column":14},"end":{"line":1,"column":63}},"1":{"start":{"line":2,"column":19},"end":{"line":2,"column":53}},"2":{"start":{"line":3,"column":13},"end":{"line":3,"column":41}},"3":{"start":{"line":6,"column":4},"end":{"line":6,"column":28}},"4":{"start":{"line":8,"column":17},"end":{"line":8,"column":19}},"5":{"start":{"line":10,"column":4},"end":{"line":12,"column":5}},"6":{"start":{"line":11,"column":8},"end":{"line":11,"column":49}},"7":{"start":{"line":14,"column":4},"end":{"line":16,"column":5}},"8":{"start":{"line":15,"column":8},"end":{"line":15,"column":49}},"9":{"start":{"line":18,"column":4},"end":{"line":24,"column":5}},"10":{"start":{"line":19,"column":8},"end":{"line":19,"column":51}},"11":{"start":{"line":21,"column":8},"end":{"line":21,"column":49}},"12":{"start":{"line":23,"column":8},"end":{"line":23,"column":15}},"13":{"start":{"line":28,"column":8},"end":{"line":28,"column":29}},"14":{"start":{"line":30,"column":21},"end":{"line":30,"column":23}},"15":{"start":{"line":32,"column":23},"end":{"line":32,"column":40}},"16":{"start":{"line":33,"column":23},"end":{"line":33,"column":40}},"17":{"start":{"line":36,"column":8},"end":{"line":38,"column":9}},"18":{"start":{"line":37,"column":12},"end":{"line":37,"column":53}},"19":{"start":{"line":40,"column":8},"end":{"line":42,"column":9}},"20":{"start":{"line":41,"column":12},"end":{"line":41,"column":53}},"21":{"start":{"line":44,"column":8},"end":{"line":50,"column":9}},"22":{"start":{"line":45,"column":12},"end":{"line":45,"column":55}},"23":{"start":{"line":47,"column":12},"end":{"line":47,"column":53}},"24":{"start":{"line":49,"column":12},"end":{"line":49,"column":19}},"25":{"start":{"line":54,"column":4},"end":{"line":54,"column":28}},"26":{"start":{"line":56,"column":17},"end":{"line":56,"column":19}},"27":{"start":{"line":58,"column":4},"end":{"line":80,"column":7}},"28":{"start":{"line":59,"column":8},"end":{"line":62,"column":9}},"29":{"start":{"line":60,"column":12},"end":{"line":60,"column":58}},"30":{"start":{"line":61,"column":12},"end":{"line":61,"column":53}},"31":{"start":{"line":64,"column":8},"end":{"line":67,"column":9}},"32":{"start":{"line":65,"column":12},"end":{"line":65,"column":51}},"33":{"start":{"line":66,"column":12},"end":{"line":66,"column":53}},"34":{"start":{"line":70,"column":8},"end":{"line":73,"column":9}},"35":{"start":{"line":71,"column":12},"end":{"line":71,"column":47}},"36":{"start":{"line":72,"column":12},"end":{"line":72,"column":53}},"37":{"start":{"line":75,"column":8},"end":{"line":79,"column":9}},"38":{"start":{"line":76,"column":12},"end":{"line":76,"column":55}},"39":{"start":{"line":78,"column":12},"end":{"line":78,"column":19}},"40":{"start":{"line":83,"column":0},"end":{"line":87,"column":2}}},"fnMap":{"0":{"name":"validUserLogin","decl":{"start":{"line":5,"column":9},"end":{"line":5,"column":23}},"loc":{"start":{"line":5,"column":40},"end":{"line":25,"column":1}},"line":5},"1":{"name":"validUser","decl":{"start":{"line":27,"column":9},"end":{"line":27,"column":18}},"loc":{"start":{"line":27,"column":35},"end":{"line":51,"column":1}},"line":27},"2":{"name":"validComment","decl":{"start":{"line":53,"column":9},"end":{"line":53,"column":21}},"loc":{"start":{"line":53,"column":38},"end":{"line":81,"column":1}},"line":53},"3":{"name":"(anonymous_3)","decl":{"start":{"line":58,"column":44},"end":{"line":58,"column":45}},"loc":{"start":{"line":58,"column":63},"end":{"line":80,"column":5}},"line":58}},"branchMap":{"0":{"loc":{"start":{"line":10,"column":4},"end":{"line":12,"column":5}},"type":"if","locations":[{"start":{"line":10,"column":4},"end":{"line":12,"column":5}},{"start":{"line":10,"column":4},"end":{"line":12,"column":5}}],"line":10},"1":{"loc":{"start":{"line":14,"column":4},"end":{"line":16,"column":5}},"type":"if","locations":[{"start":{"line":14,"column":4},"end":{"line":16,"column":5}},{"start":{"line":14,"column":4},"end":{"line":16,"column":5}}],"line":14},"2":{"loc":{"start":{"line":18,"column":4},"end":{"line":24,"column":5}},"type":"if","locations":[{"start":{"line":18,"column":4},"end":{"line":24,"column":5}},{"start":{"line":18,"column":4},"end":{"line":24,"column":5}}],"line":18},"3":{"loc":{"start":{"line":36,"column":8},"end":{"line":38,"column":9}},"type":"if","locations":[{"start":{"line":36,"column":8},"end":{"line":38,"column":9}},{"start":{"line":36,"column":8},"end":{"line":38,"column":9}}],"line":36},"4":{"loc":{"start":{"line":36,"column":12},"end":{"line":36,"column":87}},"type":"binary-expr","locations":[{"start":{"line":36,"column":12},"end":{"line":36,"column":40}},{"start":{"line":36,"column":44},"end":{"line":36,"column":63}},{"start":{"line":36,"column":67},"end":{"line":36,"column":87}}],"line":36},"5":{"loc":{"start":{"line":40,"column":8},"end":{"line":42,"column":9}},"type":"if","locations":[{"start":{"line":40,"column":8},"end":{"line":42,"column":9}},{"start":{"line":40,"column":8},"end":{"line":42,"column":9}}],"line":40},"6":{"loc":{"start":{"line":40,"column":12},"end":{"line":40,"column":87}},"type":"binary-expr","locations":[{"start":{"line":40,"column":12},"end":{"line":40,"column":40}},{"start":{"line":40,"column":44},"end":{"line":40,"column":63}},{"start":{"line":40,"column":67},"end":{"line":40,"column":87}}],"line":40},"7":{"loc":{"start":{"line":44,"column":8},"end":{"line":50,"column":9}},"type":"if","locations":[{"start":{"line":44,"column":8},"end":{"line":50,"column":9}},{"start":{"line":44,"column":8},"end":{"line":50,"column":9}}],"line":44},"8":{"loc":{"start":{"line":59,"column":8},"end":{"line":62,"column":9}},"type":"if","locations":[{"start":{"line":59,"column":8},"end":{"line":62,"column":9}},{"start":{"line":59,"column":8},"end":{"line":62,"column":9}}],"line":59},"9":{"loc":{"start":{"line":64,"column":8},"end":{"line":67,"column":9}},"type":"if","locations":[{"start":{"line":64,"column":8},"end":{"line":67,"column":9}},{"start":{"line":64,"column":8},"end":{"line":67,"column":9}}],"line":64},"10":{"loc":{"start":{"line":70,"column":8},"end":{"line":73,"column":9}},"type":"if","locations":[{"start":{"line":70,"column":8},"end":{"line":73,"column":9}},{"start":{"line":70,"column":8},"end":{"line":73,"column":9}}],"line":70},"11":{"loc":{"start":{"line":70,"column":11},"end":{"line":70,"column":98}},"type":"binary-expr","locations":[{"start":{"line":70,"column":11},"end":{"line":70,"column":42}},{"start":{"line":70,"column":46},"end":{"line":70,"column":98}}],"line":70},"12":{"loc":{"start":{"line":75,"column":8},"end":{"line":79,"column":9}},"type":"if","locations":[{"start":{"line":75,"column":8},"end":{"line":79,"column":9}},{"start":{"line":75,"column":8},"end":{"line":79,"column":9}}],"line":75}},"s":{"0":1,"1":1,"2":1,"3":4,"4":4,"5":4,"6":1,"7":4,"8":1,"9":4,"10":1,"11":1,"12":3,"13":0,"14":0,"15":0,"16":0,"17":0,"18":0,"19":0,"20":0,"21":0,"22":0,"23":0,"24":0,"25":0,"26":0,"27":0,"28":0,"29":0,"30":0,"31":0,"32":0,"33":0,"34":0,"35":0,"36":0,"37":0,"38":0,"39":0,"40":1},"f":{"0":4,"1":0,"2":0,"3":0},"b":{"0":[1,3],"1":[1,3],"2":[1,3],"3":[0,0],"4":[0,0,0],"5":[0,0],"6":[0,0,0],"7":[0,0],"8":[0,0],"9":[0,0],"10":[0,0],"11":[0,0],"12":[0,0]},"_coverageSchema":"332fd63041d2c1bcb487cc26dd0d5f7d97098a6c","hash":"84025c25bcc553c8b247bee8ff157630cced2287"}
,"/home/gordon/Workspace/diagram-backend/models/AccessCode.js": {"path":"/home/gordon/Workspace/diagram-backend/models/AccessCode.js","statementMap":{"0":{"start":{"line":1,"column":14},"end":{"line":1,"column":58}},"1":{"start":{"line":2,"column":17},"end":{"line":2,"column":36}},"2":{"start":{"line":3,"column":19},"end":{"line":3,"column":53}},"3":{"start":{"line":5,"column":25},"end":{"line":10,"column":2}},"4":{"start":{"line":12,"column":14},"end":{"line":12,"column":60}},"5":{"start":{"line":14,"column":15},"end":{"line":23,"column":1}},"6":{"start":{"line":15,"column":4},"end":{"line":22,"column":7}},"7":{"start":{"line":21,"column":8},"end":{"line":21,"column":48}},"8":{"start":{"line":33,"column":4},"end":{"line":33,"column":21}},"9":{"start":{"line":35,"column":4},"end":{"line":43,"column":11}},"10":{"start":{"line":38,"column":12},"end":{"line":42,"column":13}},"11":{"start":{"line":39,"column":16},"end":{"line":39,"column":39}},"12":{"start":{"line":41,"column":16},"end":{"line":41,"column":57}},"13":{"start":{"line":51,"column":4},"end":{"line":51,"column":26}},"14":{"start":{"line":53,"column":4},"end":{"line":60,"column":11}},"15":{"start":{"line":56,"column":12},"end":{"line":59,"column":13}},"16":{"start":{"line":58,"column":16},"end":{"line":58,"column":58}},"17":{"start":{"line":63,"column":0},"end":{"line":68,"column":2}}},"fnMap":{"0":{"name":"(anonymous_0)","decl":{"start":{"line":14,"column":15},"end":{"line":14,"column":16}},"loc":{"start":{"line":14,"column":27},"end":{"line":23,"column":1}},"line":14},"1":{"name":"(anonymous_1)","decl":{"start":{"line":20,"column":11},"end":{"line":20,"column":12}},"loc":{"start":{"line":20,"column":20},"end":{"line":22,"column":5}},"line":20},"2":{"name":"valid","decl":{"start":{"line":32,"column":9},"end":{"line":32,"column":14}},"loc":{"start":{"line":32,"column":21},"end":{"line":44,"column":1}},"line":32},"3":{"name":"(anonymous_3)","decl":{"start":{"line":37,"column":14},"end":{"line":37,"column":15}},"loc":{"start":{"line":37,"column":26},"end":{"line":43,"column":9}},"line":37},"4":{"name":"deleteCode","decl":{"start":{"line":50,"column":9},"end":{"line":50,"column":19}},"loc":{"start":{"line":50,"column":26},"end":{"line":61,"column":1}},"line":50},"5":{"name":"(anonymous_5)","decl":{"start":{"line":55,"column":14},"end":{"line":55,"column":15}},"loc":{"start":{"line":55,"column":26},"end":{"line":60,"column":9}},"line":55}},"branchMap":{"0":{"loc":{"start":{"line":38,"column":12},"end":{"line":42,"column":13}},"type":"if","locations":[{"start":{"line":38,"column":12},"end":{"line":42,"column":13}},{"start":{"line":38,"column":12},"end":{"line":42,"column":13}}],"line":38},"1":{"loc":{"start":{"line":56,"column":12},"end":{"line":59,"column":13}},"type":"if","locations":[{"start":{"line":56,"column":12},"end":{"line":59,"column":13}},{"start":{"line":56,"column":12},"end":{"line":59,"column":13}}],"line":56}},"s":{"0":1,"1":1,"2":1,"3":1,"4":1,"5":1,"6":0,"7":0,"8":0,"9":0,"10":0,"11":0,"12":0,"13":0,"14":0,"15":0,"16":0,"17":1},"f":{"0":0,"1":0,"2":0,"3":0,"4":0,"5":0},"b":{"0":[0,0],"1":[0,0]},"_coverageSchema":"332fd63041d2c1bcb487cc26dd0d5f7d97098a6c","hash":"f55757d80e89aecd89d7fa4d5aa77de3104e99d8"}
,"/home/gordon/Workspace/diagram-backend/models/Post.js": {"path":"/home/gordon/Workspace/diagram-backend/models/Post.js","statementMap":{"0":{"start":{"line":1,"column":14},"end":{"line":1,"column":52}},"1":{"start":{"line":2,"column":17},"end":{"line":2,"column":36}},"2":{"start":{"line":3,"column":14},"end":{"line":3,"column":41}},"3":{"start":{"line":4,"column":19},"end":{"line":4,"column":53}},"4":{"start":{"line":6,"column":19},"end":{"line":21,"column":2}},"5":{"start":{"line":23,"column":14},"end":{"line":23,"column":48}},"6":{"start":{"line":30,"column":15},"end":{"line":56,"column":1}},"7":{"start":{"line":31,"column":4},"end":{"line":31,"column":58}},"8":{"start":{"line":33,"column":4},"end":{"line":55,"column":7}},"9":{"start":{"line":34,"column":21},"end":{"line":34,"column":23}},"10":{"start":{"line":36,"column":8},"end":{"line":38,"column":9}},"11":{"start":{"line":37,"column":12},"end":{"line":37,"column":48}},"12":{"start":{"line":40,"column":8},"end":{"line":42,"column":9}},"13":{"start":{"line":41,"column":12},"end":{"line":41,"column":47}},"14":{"start":{"line":44,"column":8},"end":{"line":46,"column":9}},"15":{"start":{"line":45,"column":12},"end":{"line":45,"column":27}},"16":{"start":{"line":48,"column":8},"end":{"line":54,"column":12}},"17":{"start":{"line":58,"column":14},"end":{"line":76,"column":1}},"18":{"start":{"line":59,"column":4},"end":{"line":75,"column":11}},"19":{"start":{"line":64,"column":12},"end":{"line":74,"column":16}},"20":{"start":{"line":64,"column":38},"end":{"line":74,"column":13}},"21":{"start":{"line":78,"column":17},"end":{"line":94,"column":1}},"22":{"start":{"line":79,"column":4},"end":{"line":93,"column":11}},"23":{"start":{"line":82,"column":12},"end":{"line":92,"column":14}},"24":{"start":{"line":96,"column":19},"end":{"line":110,"column":1}},"25":{"start":{"line":97,"column":4},"end":{"line":109,"column":11}},"26":{"start":{"line":103,"column":12},"end":{"line":103,"column":26}},"27":{"start":{"line":104,"column":12},"end":{"line":104,"column":26}},"28":{"start":{"line":107,"column":12},"end":{"line":107,"column":23}},"29":{"start":{"line":108,"column":12},"end":{"line":108,"column":23}},"30":{"start":{"line":112,"column":0},"end":{"line":118,"column":2}}},"fnMap":{"0":{"name":"(anonymous_0)","decl":{"start":{"line":30,"column":15},"end":{"line":30,"column":16}},"loc":{"start":{"line":30,"column":27},"end":{"line":56,"column":1}},"line":30},"1":{"name":"(anonymous_1)","decl":{"start":{"line":33,"column":23},"end":{"line":33,"column":24}},"loc":{"start":{"line":33,"column":44},"end":{"line":55,"column":5}},"line":33},"2":{"name":"(anonymous_2)","decl":{"start":{"line":58,"column":14},"end":{"line":58,"column":15}},"loc":{"start":{"line":58,"column":25},"end":{"line":76,"column":1}},"line":58},"3":{"name":"(anonymous_3)","decl":{"start":{"line":63,"column":14},"end":{"line":63,"column":15}},"loc":{"start":{"line":63,"column":25},"end":{"line":75,"column":9}},"line":63},"4":{"name":"(anonymous_4)","decl":{"start":{"line":64,"column":29},"end":{"line":64,"column":30}},"loc":{"start":{"line":64,"column":38},"end":{"line":74,"column":13}},"line":64},"5":{"name":"(anonymous_5)","decl":{"start":{"line":78,"column":17},"end":{"line":78,"column":18}},"loc":{"start":{"line":78,"column":28},"end":{"line":94,"column":1}},"line":78},"6":{"name":"(anonymous_6)","decl":{"start":{"line":81,"column":14},"end":{"line":81,"column":15}},"loc":{"start":{"line":81,"column":22},"end":{"line":93,"column":9}},"line":81},"7":{"name":"(anonymous_7)","decl":{"start":{"line":96,"column":19},"end":{"line":96,"column":20}},"loc":{"start":{"line":96,"column":32},"end":{"line":110,"column":1}},"line":96},"8":{"name":"(anonymous_8)","decl":{"start":{"line":102,"column":14},"end":{"line":102,"column":15}},"loc":{"start":{"line":102,"column":26},"end":{"line":105,"column":9}},"line":102},"9":{"name":"(anonymous_9)","decl":{"start":{"line":106,"column":15},"end":{"line":106,"column":16}},"loc":{"start":{"line":106,"column":24},"end":{"line":109,"column":9}},"line":106}},"branchMap":{"0":{"loc":{"start":{"line":36,"column":8},"end":{"line":38,"column":9}},"type":"if","locations":[{"start":{"line":36,"column":8},"end":{"line":38,"column":9}},{"start":{"line":36,"column":8},"end":{"line":38,"column":9}}],"line":36},"1":{"loc":{"start":{"line":40,"column":8},"end":{"line":42,"column":9}},"type":"if","locations":[{"start":{"line":40,"column":8},"end":{"line":42,"column":9}},{"start":{"line":40,"column":8},"end":{"line":42,"column":9}}],"line":40},"2":{"loc":{"start":{"line":44,"column":8},"end":{"line":46,"column":9}},"type":"if","locations":[{"start":{"line":44,"column":8},"end":{"line":46,"column":9}},{"start":{"line":44,"column":8},"end":{"line":46,"column":9}}],"line":44}},"s":{"0":1,"1":1,"2":1,"3":1,"4":1,"5":1,"6":1,"7":0,"8":0,"9":0,"10":0,"11":0,"12":0,"13":0,"14":0,"15":0,"16":0,"17":1,"18":0,"19":0,"20":0,"21":1,"22":0,"23":0,"24":1,"25":0,"26":0,"27":0,"28":0,"29":0,"30":1},"f":{"0":0,"1":0,"2":0,"3":0,"4":0,"5":0,"6":0,"7":0,"8":0,"9":0},"b":{"0":[0,0],"1":[0,0],"2":[0,0]},"_coverageSchema":"332fd63041d2c1bcb487cc26dd0d5f7d97098a6c","hash":"af66d42dbc2806483bcc1b8269f2d0e991da0509"}
,"/home/gordon/Workspace/diagram-backend/models/User.js": {"path":"/home/gordon/Workspace/diagram-backend/models/User.js","statementMap":{"0":{"start":{"line":1,"column":14},"end":{"line":1,"column":52}},"1":{"start":{"line":2,"column":17},"end":{"line":2,"column":36}},"2":{"start":{"line":3,"column":19},"end":{"line":3,"column":53}},"3":{"start":{"line":4,"column":13},"end":{"line":4,"column":40}},"4":{"start":{"line":6,"column":19},"end":{"line":21,"column":2}},"5":{"start":{"line":23,"column":14},"end":{"line":23,"column":48}},"6":{"start":{"line":31,"column":15},"end":{"line":58,"column":1}},"7":{"start":{"line":32,"column":4},"end":{"line":32,"column":22}},"8":{"start":{"line":34,"column":4},"end":{"line":57,"column":11}},"9":{"start":{"line":37,"column":12},"end":{"line":51,"column":13}},"10":{"start":{"line":38,"column":16},"end":{"line":38,"column":56}},"11":{"start":{"line":40,"column":16},"end":{"line":50,"column":19}},"12":{"start":{"line":54,"column":12},"end":{"line":54,"column":80}},"13":{"start":{"line":56,"column":12},"end":{"line":56,"column":36}},"14":{"start":{"line":65,"column":21},"end":{"line":76,"column":1}},"15":{"start":{"line":66,"column":4},"end":{"line":66,"column":28}},"16":{"start":{"line":68,"column":4},"end":{"line":75,"column":11}},"17":{"start":{"line":74,"column":12},"end":{"line":74,"column":26}},"18":{"start":{"line":84,"column":24},"end":{"line":94,"column":1}},"19":{"start":{"line":85,"column":4},"end":{"line":85,"column":31}},"20":{"start":{"line":86,"column":4},"end":{"line":93,"column":11}},"21":{"start":{"line":92,"column":12},"end":{"line":92,"column":27}},"22":{"start":{"line":96,"column":0},"end":{"line":101,"column":2}}},"fnMap":{"0":{"name":"(anonymous_0)","decl":{"start":{"line":31,"column":15},"end":{"line":31,"column":16}},"loc":{"start":{"line":31,"column":25},"end":{"line":58,"column":1}},"line":31},"1":{"name":"(anonymous_1)","decl":{"start":{"line":36,"column":14},"end":{"line":36,"column":15}},"loc":{"start":{"line":36,"column":26},"end":{"line":52,"column":9}},"line":36},"2":{"name":"(anonymous_2)","decl":{"start":{"line":53,"column":14},"end":{"line":53,"column":15}},"loc":{"start":{"line":53,"column":29},"end":{"line":57,"column":9}},"line":53},"3":{"name":"(anonymous_3)","decl":{"start":{"line":65,"column":21},"end":{"line":65,"column":22}},"loc":{"start":{"line":65,"column":31},"end":{"line":76,"column":1}},"line":65},"4":{"name":"(anonymous_4)","decl":{"start":{"line":73,"column":14},"end":{"line":73,"column":15}},"loc":{"start":{"line":73,"column":26},"end":{"line":75,"column":9}},"line":73},"5":{"name":"(anonymous_5)","decl":{"start":{"line":84,"column":24},"end":{"line":84,"column":25}},"loc":{"start":{"line":84,"column":44},"end":{"line":94,"column":1}},"line":84},"6":{"name":"(anonymous_6)","decl":{"start":{"line":91,"column":14},"end":{"line":91,"column":15}},"loc":{"start":{"line":91,"column":26},"end":{"line":93,"column":9}},"line":91}},"branchMap":{"0":{"loc":{"start":{"line":37,"column":12},"end":{"line":51,"column":13}},"type":"if","locations":[{"start":{"line":37,"column":12},"end":{"line":51,"column":13}},{"start":{"line":37,"column":12},"end":{"line":51,"column":13}}],"line":37},"1":{"loc":{"start":{"line":37,"column":16},"end":{"line":37,"column":43}},"type":"binary-expr","locations":[{"start":{"line":37,"column":16},"end":{"line":37,"column":22}},{"start":{"line":37,"column":26},"end":{"line":37,"column":43}}],"line":37}},"s":{"0":1,"1":1,"2":1,"3":1,"4":1,"5":1,"6":1,"7":1,"8":1,"9":1,"10":0,"11":1,"12":1,"13":1,"14":1,"15":3,"16":3,"17":3,"18":1,"19":0,"20":0,"21":0,"22":1},"f":{"0":1,"1":1,"2":1,"3":3,"4":3,"5":0,"6":0},"b":{"0":[0,1],"1":[1,1]},"_coverageSchema":"332fd63041d2c1bcb487cc26dd0d5f7d97098a6c","hash":"3e46ba048b89de5e71b76220ea3b3766a54d51c6"}
,"/home/gordon/Workspace/diagram-backend/models/schemaTypes.js": {"path":"/home/gordon/Workspace/diagram-backend/models/schemaTypes.js","statementMap":{"0":{"start":{"line":1,"column":17},"end":{"line":1,"column":36}},"1":{"start":{"line":3,"column":0},"end":{"line":7,"column":2}}},"fnMap":{},"branchMap":{},"s":{"0":1,"1":1},"f":{},"b":{},"_coverageSchema":"332fd63041d2c1bcb487cc26dd0d5f7d97098a6c","hash":"5336858df24c76670fd895750cd23a74fcbb8678"}
,"/home/gordon/Workspace/diagram-backend/utils/hash.js": {"path":"/home/gordon/Workspace/diagram-backend/utils/hash.js","statementMap":{"0":{"start":{"line":1,"column":13},"end":{"line":1,"column":30}},"1":{"start":{"line":5,"column":15},"end":{"line":5,"column":48}},"2":{"start":{"line":6,"column":4},"end":{"line":6,"column":26}},"3":{"start":{"line":7,"column":4},"end":{"line":7,"column":30}},"4":{"start":{"line":10,"column":0},"end":{"line":12,"column":2}}},"fnMap":{"0":{"name":"sha512","decl":{"start":{"line":4,"column":9},"end":{"line":4,"column":15}},"loc":{"start":{"line":4,"column":32},"end":{"line":8,"column":1}},"line":4}},"branchMap":{},"s":{"0":2,"1":6,"2":6,"3":6,"4":2},"f":{"0":6},"b":{},"_coverageSchema":"332fd63041d2c1bcb487cc26dd0d5f7d97098a6c","hash":"8ab926a1a1785c8a4e45146d6d4c49daee0e79fc"}
}
