TN:
SF:/home/gordon/Workspace/diagram-backend/app.js
FNF:0
FNH:0
DA:1,1
DA:2,1
DA:3,1
DA:5,1
DA:6,1
DA:7,1
DA:9,1
DA:11,1
DA:13,1
DA:14,1
DA:16,1
DA:18,1
DA:19,1
DA:22,1
DA:23,1
DA:25,1
LF:16
LH:16
BRDA:18,0,0,1
BRDA:18,0,1,0
BRF:2
BRH:1
end_of_record
TN:
SF:/home/gordon/Workspace/diagram-backend/config/env.js
FN:3,init
FN:23,get
FNF:2
FNH:2
FNDA:1,init
FNDA:3,get
DA:4,1
DA:5,1
DA:7,1
DA:8,1
DA:9,1
DA:12,1
DA:17,1
DA:18,1
DA:20,1
DA:24,3
DA:25,3
DA:28,1
LF:12
LH:12
BRDA:8,0,0,1
BRDA:8,0,1,0
BRDA:24,1,0,1
BRDA:24,1,1,2
BRF:4
BRH:3
end_of_record
TN:
SF:/home/gordon/Workspace/diagram-backend/config/errorTypes.js
FNF:0
FNH:0
DA:1,1
DA:21,1
LF:2
LH:2
BRF:0
BRH:0
end_of_record
TN:
SF:/home/gordon/Workspace/diagram-backend/config/routes.js
FNF:0
FNH:0
DA:1,1
DA:2,1
DA:3,1
DA:4,1
DA:5,1
DA:7,1
DA:8,1
DA:9,1
DA:11,1
DA:12,1
DA:15,1
DA:16,1
DA:17,1
DA:20,1
DA:21,1
DA:22,1
DA:23,1
DA:26,1
DA:27,1
DA:29,1
LF:20
LH:20
BRF:0
BRH:0
end_of_record
TN:
SF:/home/gordon/Workspace/diagram-backend/config/testRoutes.js
FN:9,(anonymous_0)
FN:17,(anonymous_1)
FN:20,(anonymous_2)
FN:25,(anonymous_3)
FN:31,(anonymous_4)
FN:42,(anonymous_5)
FNF:6
FNH:0
FNDA:0,(anonymous_0)
FNDA:0,(anonymous_1)
FNDA:0,(anonymous_2)
FNDA:0,(anonymous_3)
FNDA:0,(anonymous_4)
FNDA:0,(anonymous_5)
DA:1,1
DA:2,1
DA:3,1
DA:4,1
DA:6,1
DA:7,1
DA:9,1
DA:10,0
DA:14,0
DA:16,0
DA:18,0
DA:21,0
DA:25,1
DA:26,0
DA:27,0
DA:29,0
DA:32,0
DA:33,0
DA:39,0
DA:43,0
DA:47,1
LF:21
LH:9
BRDA:32,0,0,0
BRDA:32,0,1,0
BRF:2
BRH:0
end_of_record
TN:
SF:/home/gordon/Workspace/diagram-backend/managers/post.js
FN:6,makePost
FN:16,(anonymous_1)
FN:21,(anonymous_2)
FN:25,(anonymous_3)
FN:28,(anonymous_4)
FN:34,(anonymous_5)
FN:46,getPostFeed
FN:51,(anonymous_7)
FN:54,(anonymous_8)
FN:66,getFollowedPosts
FN:73,(anonymous_10)
FN:76,(anonymous_11)
FN:89,makeComment
FN:101,(anonymous_13)
FN:107,(anonymous_14)
FNF:15
FNH:0
FNDA:0,makePost
FNDA:0,(anonymous_1)
FNDA:0,(anonymous_2)
FNDA:0,(anonymous_3)
FNDA:0,(anonymous_4)
FNDA:0,(anonymous_5)
FNDA:0,getPostFeed
FNDA:0,(anonymous_7)
FNDA:0,(anonymous_8)
FNDA:0,getFollowedPosts
FNDA:0,(anonymous_10)
FNDA:0,(anonymous_11)
FNDA:0,makeComment
FNDA:0,(anonymous_13)
FNDA:0,(anonymous_14)
DA:1,1
DA:2,1
DA:3,1
DA:4,1
DA:7,0
DA:9,0
DA:17,0
DA:19,0
DA:22,0
DA:23,0
DA:26,0
DA:29,0
DA:31,0
DA:35,0
DA:37,0
DA:47,0
DA:49,0
DA:52,0
DA:55,0
DA:57,0
DA:67,0
DA:69,0
DA:71,0
DA:74,0
DA:77,0
DA:79,0
DA:90,0
DA:92,0
DA:99,0
DA:102,0
DA:103,0
DA:105,0
DA:108,0
DA:110,0
DA:114,1
LF:35
LH:5
BRDA:102,0,0,0
BRDA:102,0,1,0
BRF:2
BRH:0
end_of_record
TN:
SF:/home/gordon/Workspace/diagram-backend/managers/session.js
FN:10,login
FN:19,(anonymous_1)
FN:29,(anonymous_2)
FN:40,(anonymous_3)
FNF:4
FNH:3
FNDA:3,login
FNDA:3,(anonymous_1)
FNDA:1,(anonymous_2)
FNDA:0,(anonymous_3)
DA:1,1
DA:2,1
DA:3,1
DA:4,1
DA:5,1
DA:11,3
DA:13,3
DA:18,3
DA:20,3
DA:21,1
DA:30,1
DA:37,2
DA:41,0
DA:42,0
DA:46,1
LF:15
LH:13
BRDA:20,0,0,1
BRDA:20,0,1,2
BRF:2
BRH:2
end_of_record
TN:
SF:/home/gordon/Workspace/diagram-backend/managers/user.js
FN:7,signup
FN:25,(anonymous_1)
FN:29,(anonymous_2)
FN:32,(anonymous_3)
FN:35,(anonymous_4)
FN:42,viewProfile
FN:49,(anonymous_6)
FN:59,(anonymous_7)
FN:71,viewOwnProfile
FN:75,(anonymous_9)
FN:84,editProfile
FN:88,(anonymous_11)
FNF:12
FNH:0
FNDA:0,signup
FNDA:0,(anonymous_1)
FNDA:0,(anonymous_2)
FNDA:0,(anonymous_3)
FNDA:0,(anonymous_4)
FNDA:0,viewProfile
FNDA:0,(anonymous_6)
FNDA:0,(anonymous_7)
FNDA:0,viewOwnProfile
FNDA:0,(anonymous_9)
FNDA:0,editProfile
FNDA:0,(anonymous_11)
DA:1,1
DA:2,1
DA:3,1
DA:4,1
DA:5,1
DA:8,0
DA:10,0
DA:21,0
DA:23,0
DA:26,0
DA:27,0
DA:30,0
DA:33,0
DA:36,0
DA:38,0
DA:43,0
DA:44,0
DA:45,0
DA:47,0
DA:48,0
DA:50,0
DA:51,0
DA:53,0
DA:55,0
DA:57,0
DA:58,0
DA:60,0
DA:61,0
DA:62,0
DA:64,0
DA:67,0
DA:72,0
DA:74,0
DA:76,0
DA:77,0
DA:78,0
DA:80,0
DA:85,0
DA:87,0
DA:89,0
DA:90,0
DA:91,0
DA:93,0
DA:97,1
LF:44
LH:6
BRDA:47,0,0,0
BRDA:47,0,1,0
BRDA:50,1,0,0
BRDA:50,1,1,0
BRDA:57,2,0,0
BRDA:57,2,1,0
BRDA:60,3,0,0
BRDA:60,3,1,0
BRDA:76,4,0,0
BRDA:76,4,1,0
BRDA:89,5,0,0
BRDA:89,5,1,0
BRF:12
BRH:0
end_of_record
TN:
SF:/home/gordon/Workspace/diagram-backend/middlewares/jwt.js
FN:7,verifyJWT
FN:19,(anonymous_1)
FN:28,(anonymous_2)
FN:36,(anonymous_3)
FNF:4
FNH:0
FNDA:0,verifyJWT
FNDA:0,(anonymous_1)
FNDA:0,(anonymous_2)
FNDA:0,(anonymous_3)
DA:1,1
DA:2,1
DA:3,1
DA:4,1
DA:5,1
DA:8,0
DA:11,0
DA:12,0
DA:13,0
DA:14,0
DA:16,0
DA:19,0
DA:20,0
DA:21,0
DA:22,0
DA:24,0
DA:25,0
DA:29,0
DA:30,0
DA:32,0
DA:33,0
DA:37,0
DA:43,1
LF:23
LH:6
BRDA:12,0,0,0
BRDA:12,0,1,0
BRDA:20,1,0,0
BRDA:20,1,1,0
BRDA:29,2,0,0
BRDA:29,2,1,0
BRF:6
BRH:0
end_of_record
TN:
SF:/home/gordon/Workspace/diagram-backend/middlewares/validation.js
FN:5,validUserLogin
FN:27,validUser
FN:53,validComment
FN:58,(anonymous_3)
FNF:4
FNH:1
FNDA:4,validUserLogin
FNDA:0,validUser
FNDA:0,validComment
FNDA:0,(anonymous_3)
DA:1,1
DA:2,1
DA:3,1
DA:6,4
DA:8,4
DA:10,4
DA:11,1
DA:14,4
DA:15,1
DA:18,4
DA:19,1
DA:21,1
DA:23,3
DA:28,0
DA:30,0
DA:32,0
DA:33,0
DA:36,0
DA:37,0
DA:40,0
DA:41,0
DA:44,0
DA:45,0
DA:47,0
DA:49,0
DA:54,0
DA:56,0
DA:58,0
DA:59,0
DA:60,0
DA:61,0
DA:64,0
DA:65,0
DA:66,0
DA:70,0
DA:71,0
DA:72,0
DA:75,0
DA:76,0
DA:78,0
DA:83,1
LF:41
LH:14
BRDA:10,0,0,1
BRDA:10,0,1,3
BRDA:14,1,0,1
BRDA:14,1,1,3
BRDA:18,2,0,1
BRDA:18,2,1,3
BRDA:36,3,0,0
BRDA:36,3,1,0
BRDA:36,4,0,0
BRDA:36,4,1,0
BRDA:36,4,2,0
BRDA:40,5,0,0
BRDA:40,5,1,0
BRDA:40,6,0,0
BRDA:40,6,1,0
BRDA:40,6,2,0
BRDA:44,7,0,0
BRDA:44,7,1,0
BRDA:59,8,0,0
BRDA:59,8,1,0
BRDA:64,9,0,0
BRDA:64,9,1,0
BRDA:70,10,0,0
BRDA:70,10,1,0
BRDA:70,11,0,0
BRDA:70,11,1,0
BRDA:75,12,0,0
BRDA:75,12,1,0
BRF:28
BRH:6
end_of_record
TN:
SF:/home/gordon/Workspace/diagram-backend/models/AccessCode.js
FN:14,(anonymous_0)
FN:20,(anonymous_1)
FN:32,valid
FN:37,(anonymous_3)
FN:50,deleteCode
FN:55,(anonymous_5)
FNF:6
FNH:0
FNDA:0,(anonymous_0)
FNDA:0,(anonymous_1)
FNDA:0,valid
FNDA:0,(anonymous_3)
FNDA:0,deleteCode
FNDA:0,(anonymous_5)
DA:1,1
DA:2,1
DA:3,1
DA:5,1
DA:12,1
DA:14,1
DA:15,0
DA:21,0
DA:33,0
DA:35,0
DA:38,0
DA:39,0
DA:41,0
DA:51,0
DA:53,0
DA:56,0
DA:58,0
DA:63,1
LF:18
LH:7
BRDA:38,0,0,0
BRDA:38,0,1,0
BRDA:56,1,0,0
BRDA:56,1,1,0
BRF:4
BRH:0
end_of_record
TN:
SF:/home/gordon/Workspace/diagram-backend/models/Post.js
FN:30,(anonymous_0)
FN:33,(anonymous_1)
FN:58,(anonymous_2)
FN:63,(anonymous_3)
FN:64,(anonymous_4)
FN:78,(anonymous_5)
FN:81,(anonymous_6)
FN:96,(anonymous_7)
FN:102,(anonymous_8)
FN:106,(anonymous_9)
FNF:10
FNH:0
FNDA:0,(anonymous_0)
FNDA:0,(anonymous_1)
FNDA:0,(anonymous_2)
FNDA:0,(anonymous_3)
FNDA:0,(anonymous_4)
FNDA:0,(anonymous_5)
FNDA:0,(anonymous_6)
FNDA:0,(anonymous_7)
FNDA:0,(anonymous_8)
FNDA:0,(anonymous_9)
DA:1,1
DA:2,1
DA:3,1
DA:4,1
DA:6,1
DA:23,1
DA:30,1
DA:31,0
DA:33,0
DA:34,0
DA:36,0
DA:37,0
DA:40,0
DA:41,0
DA:44,0
DA:45,0
DA:48,0
DA:58,1
DA:59,0
DA:64,0
DA:78,1
DA:79,0
DA:82,0
DA:96,1
DA:97,0
DA:103,0
DA:104,0
DA:107,0
DA:108,0
DA:112,1
LF:30
LH:11
BRDA:36,0,0,0
BRDA:36,0,1,0
BRDA:40,1,0,0
BRDA:40,1,1,0
BRDA:44,2,0,0
BRDA:44,2,1,0
BRF:6
BRH:0
end_of_record
TN:
SF:/home/gordon/Workspace/diagram-backend/models/User.js
FN:31,(anonymous_0)
FN:36,(anonymous_1)
FN:53,(anonymous_2)
FN:65,(anonymous_3)
FN:73,(anonymous_4)
FN:84,(anonymous_5)
FN:91,(anonymous_6)
FNF:7
FNH:5
FNDA:1,(anonymous_0)
FNDA:1,(anonymous_1)
FNDA:1,(anonymous_2)
FNDA:3,(anonymous_3)
FNDA:3,(anonymous_4)
FNDA:0,(anonymous_5)
FNDA:0,(anonymous_6)
DA:1,1
DA:2,1
DA:3,1
DA:4,1
DA:6,1
DA:23,1
DA:31,1
DA:32,1
DA:34,1
DA:37,1
DA:38,0
DA:40,1
DA:54,1
DA:56,1
DA:65,1
DA:66,3
DA:68,3
DA:74,3
DA:84,1
DA:85,0
DA:86,0
DA:92,0
DA:96,1
LF:23
LH:19
BRDA:37,0,0,0
BRDA:37,0,1,1
BRDA:37,1,0,1
BRDA:37,1,1,1
BRF:4
BRH:3
end_of_record
TN:
SF:/home/gordon/Workspace/diagram-backend/models/schemaTypes.js
FNF:0
FNH:0
DA:1,1
DA:3,1
LF:2
LH:2
BRF:0
BRH:0
end_of_record
TN:
SF:/home/gordon/Workspace/diagram-backend/utils/hash.js
FN:4,sha512
FNF:1
FNH:1
FNDA:6,sha512
DA:1,2
DA:5,6
DA:6,6
DA:7,6
DA:10,2
LF:5
LH:5
BRF:0
BRH:0
end_of_record
